#
# There is insufficient memory for the Java Runtime Environment to continue.
# Native memory allocation (malloc) failed to allocate 91226112 bytes for committing reserved memory.
# Possible reasons:
#   The system is out of physical RAM or swap space
#   In 32 bit mode, the process size limit was hit
# Possible solutions:
#   Reduce memory load on the system
#   Increase physical memory or swap space
#   Check if swap backing store is full
#   Use 64 bit Java on a 64 bit OS
#   Decrease Java heap size (-Xmx/-Xms)
#   Decrease number of Java threads
#   Decrease Java thread stack sizes (-Xss)
#   Set larger code cache with -XX:ReservedCodeCacheSize=
# This output file may be truncated or incomplete.
#
#  Out of Memory Error (os_linux.cpp:2756), pid=5355, tid=140143988487936
#
# JRE version: Java(TM) SE Runtime Environment (7.0_80-b15) (build 1.7.0_80-b15)
# Java VM: Java HotSpot(TM) 64-Bit Server VM (24.80-b11 mixed mode linux-amd64 compressed oops)
# Failed to write core dump. Core dumps have been disabled. To enable core dumping, try "ulimit -c unlimited" before starting Java again
#

---------------  T H R E A D  ---------------

Current thread (0x00007f75cc06a000):  VMThread [stack: 0x00007f75d096b000,0x00007f75d0a6c000] [id=5387]

Stack: [0x00007f75d096b000,0x00007f75d0a6c000],  sp=0x00007f75d0a69fc0,  free space=1019k
Native frames: (J=compiled Java code, j=interpreted, Vv=VM code, C=native code)
V  [libjvm.so+0x9a320a]  VMError::report_and_die()+0x2ea
V  [libjvm.so+0x498d3b]  report_vm_out_of_memory(char const*, int, unsigned long, char const*)+0x9b
V  [libjvm.so+0x82191e]  os::Linux::commit_memory_impl(char*, unsigned long, bool)+0xfe
V  [libjvm.so+0x821e69]  os::pd_commit_memory(char*, unsigned long, unsigned long, bool)+0x29
V  [libjvm.so+0x81bb6a]  os::commit_memory(char*, unsigned long, unsigned long, bool)+0x2a
V  [libjvm.so+0x88d623]  PSVirtualSpace::expand_by(unsigned long)+0x53
V  [libjvm.so+0x88e9f8]  PSYoungGen::resize_generation(unsigned long, unsigned long)+0xf8
V  [libjvm.so+0x88db62]  PSYoungGen::resize(unsigned long, unsigned long)+0x22
V  [libjvm.so+0x88af1d]  PSScavenge::invoke_no_policy()+0xf3d
V  [libjvm.so+0x88b761]  PSScavenge::invoke()+0x41
V  [libjvm.so+0x843f40]  ParallelScavengeHeap::failed_mem_allocate(unsigned long)+0x70
V  [libjvm.so+0x9a4a97]  VM_ParallelGCFailedAllocation::doit()+0x97
V  [libjvm.so+0x9abf35]  VM_Operation::evaluate()+0x55
V  [libjvm.so+0x9aa2fa]  VMThread::evaluate_operation(VM_Operation*)+0xba
V  [libjvm.so+0x9aa67e]  VMThread::loop()+0x1ce
V  [libjvm.so+0x9aaaf0]  VMThread::run()+0x70
V  [libjvm.so+0x8238c8]  java_start(Thread*)+0x108

VM_Operation (0x00007f75c613dc50): ParallelGCFailedAllocation, mode: safepoint, requested by thread 0x00007f75cc14e800


---------------  P R O C E S S  ---------------

Java Threads: ( => current thread )
  0x00007f75cc150000 JavaThread "pool-1-thread-4" [_thread_blocked, id=5436, stack(0x00007f75c5f3e000,0x00007f75c603f000)]
  0x00007f75cc14e800 JavaThread "pool-1-thread-3" [_thread_blocked, id=5435, stack(0x00007f75c603f000,0x00007f75c6140000)]
  0x00007f75cc14d000 JavaThread "pool-1-thread-2" [_thread_blocked, id=5434, stack(0x00007f75c6140000,0x00007f75c6241000)]
  0x00007f75cc14a000 JavaThread "pool-2-thread-1" [_thread_blocked, id=5431, stack(0x00007f75c6241000,0x00007f75c6342000)]
  0x00007f75cc148000 JavaThread "pool-1-thread-1" [_thread_blocked, id=5430, stack(0x00007f75c6342000,0x00007f75c6443000)]
  0x00007f75cc098800 JavaThread "Service Thread" daemon [_thread_blocked, id=5406, stack(0x00007f75c696c000,0x00007f75c6a6d000)]
  0x00007f75cc096000 JavaThread "C2 CompilerThread1" daemon [_thread_blocked, id=5405, stack(0x00007f75c6a6d000,0x00007f75c6b6e000)]
  0x00007f75cc093800 JavaThread "C2 CompilerThread0" daemon [_thread_blocked, id=5403, stack(0x00007f75c6b6e000,0x00007f75c6c6f000)]
  0x00007f75cc091000 JavaThread "Signal Dispatcher" daemon [_thread_blocked, id=5402, stack(0x00007f75c6c6f000,0x00007f75c6d70000)]
  0x00007f75cc070800 JavaThread "Finalizer" daemon [_thread_blocked, id=5395, stack(0x00007f75d0769000,0x00007f75d086a000)]
  0x00007f75cc06e800 JavaThread "Reference Handler" daemon [_thread_blocked, id=5394, stack(0x00007f75d086a000,0x00007f75d096b000)]
  0x00007f75cc00a000 JavaThread "main" [_thread_blocked, id=5361, stack(0x00007f75d540c000,0x00007f75d550d000)]

Other Threads:
=>0x00007f75cc06a000 VMThread [stack: 0x00007f75d096b000,0x00007f75d0a6c000] [id=5387]
  0x00007f75cc0a3800 WatcherThread [stack: 0x00007f75c686b000,0x00007f75c696c000] [id=5408]

VM state:at safepoint (normal execution)

VM Mutex/Monitor currently owned by a thread:  ([mutex/lock_event])
[0x00007f75cc006690] Threads_lock - owner thread: 0x00007f75cc06a000
[0x00007f75cc006b90] Heap_lock - owner thread: 0x00007f75cc14e800

Heap
 PSYoungGen      total 65536K, used 2024K [0x00000000eaa80000, 0x00000000eec80000, 0x0000000100000000)
  eden space 63488K, 0% used [0x00000000eaa80000,0x00000000eaa80000,0x00000000ee880000)
  from space 2048K, 98% used [0x00000000ee880000,0x00000000eea7a198,0x00000000eea80000)
  to   space 2048K, 0% used [0x00000000eea80000,0x00000000eea80000,0x00000000eec80000)
 ParOldGen       total 38912K, used 24781K [0x00000000c0000000, 0x00000000c2600000, 0x00000000eaa80000)
  object space 38912K, 63% used [0x00000000c0000000,0x00000000c1833600,0x00000000c2600000)
 PSPermGen       total 21504K, used 5914K [0x00000000bae00000, 0x00000000bc300000, 0x00000000c0000000)
  object space 21504K, 27% used [0x00000000bae00000,0x00000000bb3c6a00,0x00000000bc300000)

Card table byte_map: [0x00007f75d24d0000,0x00007f75d26fa000] byte_map_base: 0x00007f75d1ef9000

Polling page: 0x00007f75d552a000

Code Cache  [0x00007f75c9000000, 0x00007f75c9270000, 0x00007f75cc000000)
 total_blobs=483 nmethods=253 adapters=183 free_code_cache=48109Kb largest_free_block=49208832

Compilation events (10 events):
Event: 9.700 Thread 0x00007f75cc093800 nmethod 250 0x00007f75c90e8150 code [0x00007f75c90e8280, 0x00007f75c90e82d8]
Event: 9.700 Thread 0x00007f75cc093800  251             com.android.dx.rop.code.BasicBlockList::forEachInsn (39 bytes)
Event: 9.703 Thread 0x00007f75cc093800 nmethod 251 0x00007f75c90e5f10 code [0x00007f75c90e6080, 0x00007f75c90e6338]
Event: 9.703 Thread 0x00007f75cc093800  252             java.util.ArrayList::ensureCapacity (28 bytes)
Event: 9.705 Thread 0x00007f75cc093800 nmethod 252 0x00007f75c90e5b50 code [0x00007f75c90e5ca0, 0x00007f75c90e5db8]
Event: 9.705 Thread 0x00007f75cc093800  253             com.android.dx.ssa.SsaBasicBlock::newFromRop (183 bytes)
Event: 10.290 Thread 0x00007f75cc093800 nmethod 253 0x00007f75c90ffe10 code [0x00007f75c9100100, 0x00007f75c91017c0]
Event: 10.290 Thread 0x00007f75cc093800  254             com.android.dx.ssa.SCCP::simulateBlock (54 bytes)
Event: 11.822 Thread 0x00007f75cc093800 nmethod 254 0x00007f75c91075d0 code [0x00007f75c9107b20, 0x00007f75c910a800]
Event: 11.838 Thread 0x00007f75cc093800  255             com.android.dx.ssa.back.IdenticalBlockCombiner::process (323 bytes)

GC Heap History (9 events):
Event: 0.673 GC heap before
{Heap before GC invocations=1 (full 0):
 PSYoungGen      total 17920K, used 15872K [0x00000000eaa80000, 0x00000000ebe00000, 0x0000000100000000)
  eden space 15872K, 100% used [0x00000000eaa80000,0x00000000eba00000,0x00000000eba00000)
  from space 2048K, 0% used [0x00000000ebc00000,0x00000000ebc00000,0x00000000ebe00000)
  to   space 2048K, 0% used [0x00000000eba00000,0x00000000eba00000,0x00000000ebc00000)
 ParOldGen       total 38912K, used 0K [0x00000000c0000000, 0x00000000c2600000, 0x00000000eaa80000)
  object space 38912K, 0% used [0x00000000c0000000,0x00000000c0000000,0x00000000c2600000)
 PSPermGen       total 21504K, used 4086K [0x00000000bae00000, 0x00000000bc300000, 0x00000000c0000000)
  object space 21504K, 19% used [0x00000000bae00000,0x00000000bb1fdb58,0x00000000bc300000)
Event: 0.685 GC heap after
Heap after GC invocations=1 (full 0):
 PSYoungGen      total 17920K, used 1316K [0x00000000eaa80000, 0x00000000ecd80000, 0x0000000100000000)
  eden space 15872K, 0% used [0x00000000eaa80000,0x00000000eaa80000,0x00000000eba00000)
  from space 2048K, 64% used [0x00000000eba00000,0x00000000ebb492b8,0x00000000ebc00000)
  to   space 2048K, 0% used [0x00000000ecb80000,0x00000000ecb80000,0x00000000ecd80000)
 ParOldGen       total 38912K, used 8K [0x00000000c0000000, 0x00000000c2600000, 0x00000000eaa80000)
  object space 38912K, 0% used [0x00000000c0000000,0x00000000c0002000,0x00000000c2600000)
 PSPermGen       total 21504K, used 4086K [0x00000000bae00000, 0x00000000bc300000, 0x00000000c0000000)
  object space 21504K, 19% used [0x00000000bae00000,0x00000000bb1fdb58,0x00000000bc300000)
}
Event: 1.895 GC heap before
{Heap before GC invocations=2 (full 0):
 PSYoungGen      total 17920K, used 17188K [0x00000000eaa80000, 0x00000000ecd80000, 0x0000000100000000)
  eden space 15872K, 100% used [0x00000000eaa80000,0x00000000eba00000,0x00000000eba00000)
  from space 2048K, 64% used [0x00000000eba00000,0x00000000ebb492b8,0x00000000ebc00000)
  to   space 2048K, 0% used [0x00000000ecb80000,0x00000000ecb80000,0x00000000ecd80000)
 ParOldGen       total 38912K, used 8K [0x00000000c0000000, 0x00000000c2600000, 0x00000000eaa80000)
  object space 38912K, 0% used [0x00000000c0000000,0x00000000c0002000,0x00000000c2600000)
 PSPermGen       total 21504K, used 5658K [0x00000000bae00000, 0x00000000bc300000, 0x00000000c0000000)
  object space 21504K, 26% used [0x00000000bae00000,0x00000000bb3869a0,0x00000000bc300000)
Event: 1.925 GC heap after
Heap after GC invocations=2 (full 0):
 PSYoungGen      total 33792K, used 2031K [0x00000000eaa80000, 0x00000000ecd80000, 0x0000000100000000)
  eden space 31744K, 0% used [0x00000000eaa80000,0x00000000eaa80000,0x00000000ec980000)
  from space 2048K, 99% used [0x00000000ecb80000,0x00000000ecd7bd78,0x00000000ecd80000)
  to   space 2048K, 0% used [0x00000000ec980000,0x00000000ec980000,0x00000000ecb80000)
 ParOldGen       total 38912K, used 2820K [0x00000000c0000000, 0x00000000c2600000, 0x00000000eaa80000)
  object space 38912K, 7% used [0x00000000c0000000,0x00000000c02c11d8,0x00000000c2600000)
 PSPermGen       total 21504K, used 5658K [0x00000000bae00000, 0x00000000bc300000, 0x00000000c0000000)
  object space 21504K, 26% used [0x00000000bae00000,0x00000000bb3869a0,0x00000000bc300000)
}
Event: 4.412 GC heap before
{Heap before GC invocations=3 (full 0):
 PSYoungGen      total 33792K, used 33775K [0x00000000eaa80000, 0x00000000ecd80000, 0x0000000100000000)
  eden space 31744K, 100% used [0x00000000eaa80000,0x00000000ec980000,0x00000000ec980000)
  from space 2048K, 99% used [0x00000000ecb80000,0x00000000ecd7bd78,0x00000000ecd80000)
  to   space 2048K, 0% used [0x00000000ec980000,0x00000000ec980000,0x00000000ecb80000)
 ParOldGen       total 38912K, used 2820K [0x00000000c0000000, 0x00000000c2600000, 0x00000000eaa80000)
  object space 38912K, 7% used [0x00000000c0000000,0x00000000c02c11d8,0x00000000c2600000)
 PSPermGen       total 21504K, used 5835K [0x00000000bae00000, 0x00000000bc300000, 0x00000000c0000000)
  object space 21504K, 27% used [0x00000000bae00000,0x00000000bb3b2f28,0x00000000bc300000)
Event: 4.497 GC heap after
Heap after GC invocations=3 (full 0):
 PSYoungGen      total 33792K, used 2046K [0x00000000eaa80000, 0x00000000eec80000, 0x0000000100000000)
  eden space 31744K, 0% used [0x00000000eaa80000,0x00000000eaa80000,0x00000000ec980000)
  from space 2048K, 99% used [0x00000000ec980000,0x00000000ecb7f8c8,0x00000000ecb80000)
  to   space 2048K, 0% used [0x00000000eea80000,0x00000000eea80000,0x00000000eec80000)
 ParOldGen       total 38912K, used 7989K [0x00000000c0000000, 0x00000000c2600000, 0x00000000eaa80000)
  object space 38912K, 20% used [0x00000000c0000000,0x00000000c07cd758,0x00000000c2600000)
 PSPermGen       total 21504K, used 5835K [0x00000000bae00000, 0x00000000bc300000, 0x00000000c0000000)
  object space 21504K, 27% used [0x00000000bae00000,0x00000000bb3b2f28,0x00000000bc300000)
}
Event: 6.366 GC heap before
{Heap before GC invocations=4 (full 0):
 PSYoungGen      total 33792K, used 33790K [0x00000000eaa80000, 0x00000000eec80000, 0x0000000100000000)
  eden space 31744K, 100% used [0x00000000eaa80000,0x00000000ec980000,0x00000000ec980000)
  from space 2048K, 99% used [0x00000000ec980000,0x00000000ecb7f8c8,0x00000000ecb80000)
  to   space 2048K, 0% used [0x00000000eea80000,0x00000000eea80000,0x00000000eec80000)
 ParOldGen       total 38912K, used 7989K [0x00000000c0000000, 0x00000000c2600000, 0x00000000eaa80000)
  object space 38912K, 20% used [0x00000000c0000000,0x00000000c07cd758,0x00000000c2600000)
 PSPermGen       total 21504K, used 5877K [0x00000000bae00000, 0x00000000bc300000, 0x00000000c0000000)
  object space 21504K, 27% used [0x00000000bae00000,0x00000000bb3bd4c0,0x00000000bc300000)
Event: 6.898 GC heap after
Heap after GC invocations=4 (full 0):
 PSYoungGen      total 65536K, used 2032K [0x00000000eaa80000, 0x00000000eec80000, 0x0000000100000000)
  eden space 63488K, 0% used [0x00000000eaa80000,0x00000000eaa80000,0x00000000ee880000)
  from space 2048K, 99% used [0x00000000eea80000,0x00000000eec7c258,0x00000000eec80000)
  to   space 2048K, 0% used [0x00000000ee880000,0x00000000ee880000,0x00000000eea80000)
 ParOldGen       total 38912K, used 14086K [0x00000000c0000000, 0x00000000c2600000, 0x00000000eaa80000)
  object space 38912K, 36% used [0x00000000c0000000,0x00000000c0dc1858,0x00000000c2600000)
 PSPermGen       total 21504K, used 5877K [0x00000000bae00000, 0x00000000bc300000, 0x00000000c0000000)
  object space 21504K, 27% used [0x00000000bae00000,0x00000000bb3bd4c0,0x00000000bc300000)
}
Event: 12.378 GC heap before
{Heap before GC invocations=5 (full 0):
 PSYoungGen      total 65536K, used 65520K [0x00000000eaa80000, 0x00000000eec80000, 0x0000000100000000)
  eden space 63488K, 100% used [0x00000000eaa80000,0x00000000ee880000,0x00000000ee880000)
  from space 2048K, 99% used [0x00000000eea80000,0x00000000eec7c258,0x00000000eec80000)
  to   space 2048K, 0% used [0x00000000ee880000,0x00000000ee880000,0x00000000eea80000)
 ParOldGen       total 38912K, used 14086K [0x00000000c0000000, 0x00000000c2600000, 0x00000000eaa80000)
  object space 38912K, 36% used [0x00000000c0000000,0x00000000c0dc1858,0x00000000c2600000)
 PSPermGen       total 21504K, used 5914K [0x00000000bae00000, 0x00000000bc300000, 0x00000000c0000000)
  object space 21504K, 27% used [0x00000000bae00000,0x00000000bb3c6a00,0x00000000bc300000)

Deoptimization events (10 events):
Event: 3.992 Thread 0x00007f75cc14e800 Uncommon trap: reason=unstable_if action=reinterpret pc=0x00007f75c907e0c4 method=com.android.dx.rop.cst.Constant.compareTo(Lcom/android/dx/rop/cst/Constant;)I @ 12
Event: 5.018 Thread 0x00007f75cc14e800 Uncommon trap: reason=unstable_if action=reinterpret pc=0x00007f75c90bcda4 method=com.android.dx.ssa.LocalVariableExtractor.processBlock(I)V @ 251
Event: 5.390 Thread 0x00007f75cc148000 Uncommon trap: reason=null_check action=make_not_entrant pc=0x00007f75c90cf264 method=com.android.dx.ssa.SsaRenamer.getLocalForNewReg(I)Lcom/android/dx/rop/code/LocalItem; @ 19
Event: 5.608 Thread 0x00007f75cc150000 Uncommon trap: reason=unstable_if action=reinterpret pc=0x00007f75c908ce80 method=com.android.dx.rop.code.RegisterSpec.equals(ILcom/android/dx/rop/type/TypeBearer;Lcom/android/dx/rop/code/LocalItem;)Z @ 42
Event: 5.835 Thread 0x00007f75cc14d000 Uncommon trap: reason=class_check action=maybe_recompile pc=0x00007f75c90acff4 method=java.util.HashMap.put(Ljava/lang/Object;Ljava/lang/Object;)Ljava/lang/Object; @ 83
Event: 5.835 Thread 0x00007f75cc14d000 Uncommon trap: reason=class_check action=maybe_recompile pc=0x00007f75c90acff4 method=java.util.HashMap.put(Ljava/lang/Object;Ljava/lang/Object;)Ljava/lang/Object; @ 83
Event: 5.835 Thread 0x00007f75cc14d000 Uncommon trap: reason=class_check action=maybe_recompile pc=0x00007f75c90acff4 method=java.util.HashMap.put(Ljava/lang/Object;Ljava/lang/Object;)Ljava/lang/Object; @ 83
Event: 5.835 Thread 0x00007f75cc14d000 Uncommon trap: reason=class_check action=maybe_recompile pc=0x00007f75c90acff4 method=java.util.HashMap.put(Ljava/lang/Object;Ljava/lang/Object;)Ljava/lang/Object; @ 83
Event: 8.738 Thread 0x00007f75cc14e800 Uncommon trap: reason=unstable_if action=reinterpret pc=0x00007f75c90da6f4 method=com.android.dx.util.IntList.binarysearch(I)I @ 105
Event: 11.371 Thread 0x00007f75cc150000 Uncommon trap: reason=unstable_if action=reinterpret pc=0x00007f75c9096af4 method=com.android.dx.util.IntList.binarysearch(I)I @ 105

Internal exceptions (10 events):
Event: 1.136 Thread 0x00007f75cc00a000 Threw 0x00000000eb069e60 at /HUDSON/workspace/7u-2-build-linux-amd64/jdk7u80/2329/hotspot/src/share/vm/prims/jvm.cpp:1319
Event: 1.179 Thread 0x00007f75cc148000 Threw 0x00000000eb185cf8 at /HUDSON/workspace/7u-2-build-linux-amd64/jdk7u80/2329/hotspot/src/share/vm/prims/jvm.cpp:1319
Event: 1.361 Thread 0x00007f75cc148000 Threw 0x00000000eb38d3f0 at /HUDSON/workspace/7u-2-build-linux-amd64/jdk7u80/2329/hotspot/src/share/vm/prims/jvm.cpp:1319
Event: 1.598 Thread 0x00007f75cc148000 Threw 0x00000000eb6378a8 at /HUDSON/workspace/7u-2-build-linux-amd64/jdk7u80/2329/hotspot/src/share/vm/prims/jvm.cpp:1319
Event: 2.054 Thread 0x00007f75cc14d000 Threw 0x00000000eab2dec0 at /HUDSON/workspace/7u-2-build-linux-amd64/jdk7u80/2329/hotspot/src/share/vm/prims/jvm.cpp:1319
Event: 2.978 Thread 0x00007f75cc00a000 Implicit null exception at 0x00007f75c90a5467 to 0x00007f75c90a5b4d
Event: 4.511 Thread 0x00007f75cc00a000 Threw 0x00000000eab13e90 at /HUDSON/workspace/7u-2-build-linux-amd64/jdk7u80/2329/hotspot/src/share/vm/prims/jvm.cpp:1319
Event: 4.617 Thread 0x00007f75cc00a000 Threw 0x00000000eac5cd60 at /HUDSON/workspace/7u-2-build-linux-amd64/jdk7u80/2329/hotspot/src/share/vm/prims/jvm.cpp:1319
Event: 5.390 Thread 0x00007f75cc148000 Implicit null exception at 0x00007f75c90cd824 to 0x00007f75c90cf241
Event: 6.211 Thread 0x00007f75cc150000 Threw 0x00000000ec5b6330 at /HUDSON/workspace/7u-2-build-linux-amd64/jdk7u80/2329/hotspot/src/share/vm/prims/jvm.cpp:1319

Events (10 events):
Event: 6.211 loading class 0x00007f7578001880 done
Event: 6.364 Executing VM operation: ParallelGCFailedAllocation
Event: 6.898 Executing VM operation: ParallelGCFailedAllocation done
Event: 8.738 Thread 0x00007f75cc14e800 Uncommon trap: trap_request=0xffffff75 fr.pc=0x00007f75c90da6f4
Event: 8.738 Thread 0x00007f75cc14e800 DEOPT PACKING pc=0x00007f75c90da6f4 sp=0x00007f75c613e070
Event: 8.738 Thread 0x00007f75cc14e800 DEOPT UNPACKING pc=0x00007f75c9039445 sp=0x00007f75c613dfb0 mode 2
Event: 11.371 Thread 0x00007f75cc150000 Uncommon trap: trap_request=0xffffff75 fr.pc=0x00007f75c9096af4
Event: 11.371 Thread 0x00007f75cc150000 DEOPT PACKING pc=0x00007f75c9096af4 sp=0x00007f75c603d080
Event: 11.371 Thread 0x00007f75cc150000 DEOPT UNPACKING pc=0x00007f75c9039445 sp=0x00007f75c603d028 mode 2
Event: 12.367 Executing VM operation: ParallelGCFailedAllocation


Dynamic libraries:
00400000-00401000 r-xp 00000000 08:03 1445719                            /opt/java/jdk1.7.0_80/bin/java
00600000-00601000 rw-p 00000000 08:03 1445719                            /opt/java/jdk1.7.0_80/bin/java
01036000-01057000 rw-p 00000000 00:00 0                                  [heap]
bae00000-bc300000 rw-p 00000000 00:00 0 
bc300000-c0000000 rw-p 00000000 00:00 0 
c0000000-c2600000 rw-p 00000000 00:00 0 
c2600000-eaa80000 rw-p 00000000 00:00 0 
eaa80000-eec80000 rw-p 00000000 00:00 0 
f4380000-100000000 rw-p 00000000 00:00 0 
7f7578000000-7f7578027000 rw-p 00000000 00:00 0 
7f7578027000-7f757c000000 ---p 00000000 00:00 0 
7f7580000000-7f7580024000 rw-p 00000000 00:00 0 
7f7580024000-7f7584000000 ---p 00000000 00:00 0 
7f7584000000-7f7584021000 rw-p 00000000 00:00 0 
7f7584021000-7f7588000000 ---p 00000000 00:00 0 
7f7588000000-7f7588030000 rw-p 00000000 00:00 0 
7f7588030000-7f758c000000 ---p 00000000 00:00 0 
7f758c000000-7f758c021000 rw-p 00000000 00:00 0 
7f758c021000-7f7590000000 ---p 00000000 00:00 0 
7f7590000000-7f7590021000 rw-p 00000000 00:00 0 
7f7590021000-7f7594000000 ---p 00000000 00:00 0 
7f7594000000-7f7594021000 rw-p 00000000 00:00 0 
7f7594021000-7f7598000000 ---p 00000000 00:00 0 
7f7598000000-7f7598d43000 rw-p 00000000 00:00 0 
7f7598d43000-7f759c000000 ---p 00000000 00:00 0 
7f759c000000-7f759d0b8000 rw-p 00000000 00:00 0 
7f759d0b8000-7f75a0000000 ---p 00000000 00:00 0 
7f75a0000000-7f75a0021000 rw-p 00000000 00:00 0 
7f75a0021000-7f75a4000000 ---p 00000000 00:00 0 
7f75a4000000-7f75a4021000 rw-p 00000000 00:00 0 
7f75a4021000-7f75a8000000 ---p 00000000 00:00 0 
7f75a8000000-7f75a8257000 rw-p 00000000 00:00 0 
7f75a8257000-7f75ac000000 ---p 00000000 00:00 0 
7f75ac000000-7f75ac021000 rw-p 00000000 00:00 0 
7f75ac021000-7f75b0000000 ---p 00000000 00:00 0 
7f75b0000000-7f75b0021000 rw-p 00000000 00:00 0 
7f75b0021000-7f75b4000000 ---p 00000000 00:00 0 
7f75b4000000-7f75b4021000 rw-p 00000000 00:00 0 
7f75b4021000-7f75b8000000 ---p 00000000 00:00 0 
7f75b8000000-7f75b8021000 rw-p 00000000 00:00 0 
7f75b8021000-7f75bc000000 ---p 00000000 00:00 0 
7f75c0000000-7f75c0021000 rw-p 00000000 00:00 0 
7f75c0021000-7f75c4000000 ---p 00000000 00:00 0 
7f75c5f3e000-7f75c5f41000 ---p 00000000 00:00 0 
7f75c5f41000-7f75c603f000 rw-p 00000000 00:00 0                          [stack:5436]
7f75c603f000-7f75c6042000 ---p 00000000 00:00 0 
7f75c6042000-7f75c6140000 rw-p 00000000 00:00 0                          [stack:5435]
7f75c6140000-7f75c6143000 ---p 00000000 00:00 0 
7f75c6143000-7f75c6241000 rw-p 00000000 00:00 0                          [stack:5434]
7f75c6241000-7f75c6244000 ---p 00000000 00:00 0 
7f75c6244000-7f75c6342000 rw-p 00000000 00:00 0                          [stack:5431]
7f75c6342000-7f75c6345000 ---p 00000000 00:00 0 
7f75c6345000-7f75c6443000 rw-p 00000000 00:00 0                          [stack:5430]
7f75c6443000-7f75c645a000 r-xp 00000000 08:03 1443744                    /opt/java/jdk1.7.0_80/jre/lib/amd64/libnet.so
7f75c645a000-7f75c6659000 ---p 00017000 08:03 1443744                    /opt/java/jdk1.7.0_80/jre/lib/amd64/libnet.so
7f75c6659000-7f75c665a000 rw-p 00016000 08:03 1443744                    /opt/java/jdk1.7.0_80/jre/lib/amd64/libnet.so
7f75c665a000-7f75c666a000 r-xp 00000000 08:03 1443710                    /opt/java/jdk1.7.0_80/jre/lib/amd64/libnio.so
7f75c666a000-7f75c686a000 ---p 00010000 08:03 1443710                    /opt/java/jdk1.7.0_80/jre/lib/amd64/libnio.so
7f75c686a000-7f75c686b000 rw-p 00010000 08:03 1443710                    /opt/java/jdk1.7.0_80/jre/lib/amd64/libnio.so
7f75c686b000-7f75c686c000 ---p 00000000 00:00 0 
7f75c686c000-7f75c696c000 rw-p 00000000 00:00 0                          [stack:5408]
7f75c696c000-7f75c696f000 ---p 00000000 00:00 0 
7f75c696f000-7f75c6a6d000 rw-p 00000000 00:00 0                          [stack:5406]
7f75c6a6d000-7f75c6a70000 ---p 00000000 00:00 0 
7f75c6a70000-7f75c6b6e000 rw-p 00000000 00:00 0                          [stack:5405]
7f75c6b6e000-7f75c6b71000 ---p 00000000 00:00 0 
7f75c6b71000-7f75c6c6f000 rw-p 00000000 00:00 0                          [stack:5403]
7f75c6c6f000-7f75c6c72000 ---p 00000000 00:00 0 
7f75c6c72000-7f75c9000000 rw-p 00000000 00:00 0                          [stack:5402]
7f75c9000000-7f75c9270000 rwxp 00000000 00:00 0 
7f75c9270000-7f75cc193000 rw-p 00000000 00:00 0 
7f75cc193000-7f75d0000000 ---p 00000000 00:00 0 
7f75d002d000-7f75d0041000 r--p 00000000 08:03 2494606                    /usr/share/locale-langpack/zh_CN/LC_MESSAGES/libc.mo
7f75d0041000-7f75d0072000 rw-p 00000000 00:00 0 
7f75d0072000-7f75d0087000 r--s 000e5000 08:03 2110686                    /home/sean/AndroidStudioProjects/translate/app/build/intermediates/exploded-aar/com.android.support/support-v4/23.1.1/jars/classes.jar
7f75d0087000-7f75d0769000 r--p 00000000 08:03 1842850                    /usr/lib/locale/locale-archive
7f75d0769000-7f75d076c000 ---p 00000000 00:00 0 
7f75d076c000-7f75d086a000 rw-p 00000000 00:00 0                          [stack:5395]
7f75d086a000-7f75d086d000 ---p 00000000 00:00 0 
7f75d086d000-7f75d096b000 rw-p 00000000 00:00 0                          [stack:5394]
7f75d096b000-7f75d096c000 ---p 00000000 00:00 0 
7f75d096c000-7f75d1a6b000 rw-p 00000000 00:00 0                          [stack:5387]
7f75d1a6b000-7f75d1c2b000 r--s 039fb000 08:03 1444392                    /opt/java/jdk1.7.0_80/jre/lib/rt.jar
7f75d1c2b000-7f75d1f4d000 rw-p 00000000 00:00 0 
7f75d1f4d000-7f75d1f4e000 ---p 00000000 00:00 0 
7f75d1f4e000-7f75d204e000 rw-p 00000000 00:00 0                          [stack:5384]
7f75d204e000-7f75d204f000 ---p 00000000 00:00 0 
7f75d204f000-7f75d214f000 rw-p 00000000 00:00 0                          [stack:5381]
7f75d214f000-7f75d2150000 ---p 00000000 00:00 0 
7f75d2150000-7f75d2250000 rw-p 00000000 00:00 0                          [stack:5374]
7f75d2250000-7f75d2251000 ---p 00000000 00:00 0 
7f75d2251000-7f75d235c000 rw-p 00000000 00:00 0                          [stack:5373]
7f75d235c000-7f75d237a000 rw-p 00000000 00:00 0 
7f75d237a000-7f75d238d000 rw-p 00000000 00:00 0 
7f75d238d000-7f75d24d0000 rw-p 00000000 00:00 0 
7f75d24d0000-7f75d24db000 rw-p 00000000 00:00 0 
7f75d24db000-7f75d24f9000 rw-p 00000000 00:00 0 
7f75d24f9000-7f75d250c000 rw-p 00000000 00:00 0 
7f75d250c000-7f75d264e000 rw-p 00000000 00:00 0 
7f75d264e000-7f75d2670000 rw-p 00000000 00:00 0 
7f75d2670000-7f75d26f9000 rw-p 00000000 00:00 0 
7f75d26f9000-7f75d26fa000 rw-p 00000000 00:00 0 
7f75d26fa000-7f75d2711000 r-xp 00000000 08:03 1443739                    /opt/java/jdk1.7.0_80/jre/lib/amd64/libzip.so
7f75d2711000-7f75d2911000 ---p 00017000 08:03 1443739                    /opt/java/jdk1.7.0_80/jre/lib/amd64/libzip.so
7f75d2911000-7f75d2912000 rw-p 00017000 08:03 1443739                    /opt/java/jdk1.7.0_80/jre/lib/amd64/libzip.so
7f75d2912000-7f75d291d000 r-xp 00000000 08:03 2888145                    /lib/x86_64-linux-gnu/libnss_files-2.19.so
7f75d291d000-7f75d2b1c000 ---p 0000b000 08:03 2888145                    /lib/x86_64-linux-gnu/libnss_files-2.19.so
7f75d2b1c000-7f75d2b1d000 r--p 0000a000 08:03 2888145                    /lib/x86_64-linux-gnu/libnss_files-2.19.so
7f75d2b1d000-7f75d2b1e000 rw-p 0000b000 08:03 2888145                    /lib/x86_64-linux-gnu/libnss_files-2.19.so
7f75d2b1e000-7f75d2b29000 r-xp 00000000 08:03 2888155                    /lib/x86_64-linux-gnu/libnss_nis-2.19.so
7f75d2b29000-7f75d2d28000 ---p 0000b000 08:03 2888155                    /lib/x86_64-linux-gnu/libnss_nis-2.19.so
7f75d2d28000-7f75d2d29000 r--p 0000a000 08:03 2888155                    /lib/x86_64-linux-gnu/libnss_nis-2.19.so
7f75d2d29000-7f75d2d2a000 rw-p 0000b000 08:03 2888155                    /lib/x86_64-linux-gnu/libnss_nis-2.19.so
7f75d2d2a000-7f75d2d41000 r-xp 00000000 08:03 2888139                    /lib/x86_64-linux-gnu/libnsl-2.19.so
7f75d2d41000-7f75d2f40000 ---p 00017000 08:03 2888139                    /lib/x86_64-linux-gnu/libnsl-2.19.so
7f75d2f40000-7f75d2f41000 r--p 00016000 08:03 2888139                    /lib/x86_64-linux-gnu/libnsl-2.19.so
7f75d2f41000-7f75d2f42000 rw-p 00017000 08:03 2888139                    /lib/x86_64-linux-gnu/libnsl-2.19.so
7f75d2f42000-7f75d2f44000 rw-p 00000000 00:00 0 
7f75d2f44000-7f75d2f4d000 r-xp 00000000 08:03 2888141                    /lib/x86_64-linux-gnu/libnss_compat-2.19.so
7f75d2f4d000-7f75d314c000 ---p 00009000 08:03 2888141                    /lib/x86_64-linux-gnu/libnss_compat-2.19.so
7f75d314c000-7f75d314d000 r--p 00008000 08:03 2888141                    /lib/x86_64-linux-gnu/libnss_compat-2.19.so
7f75d314d000-7f75d314e000 rw-p 00009000 08:03 2888141                    /lib/x86_64-linux-gnu/libnss_compat-2.19.so
7f75d314e000-7f75d3177000 r-xp 00000000 08:03 1443705                    /opt/java/jdk1.7.0_80/jre/lib/amd64/libjava.so
7f75d3177000-7f75d3377000 ---p 00029000 08:03 1443705                    /opt/java/jdk1.7.0_80/jre/lib/amd64/libjava.so
7f75d3377000-7f75d3379000 rw-p 00029000 08:03 1443705                    /opt/java/jdk1.7.0_80/jre/lib/amd64/libjava.so
7f75d3379000-7f75d3386000 r-xp 00000000 08:03 1443732                    /opt/java/jdk1.7.0_80/jre/lib/amd64/libverify.so
7f75d3386000-7f75d3585000 ---p 0000d000 08:03 1443732                    /opt/java/jdk1.7.0_80/jre/lib/amd64/libverify.so
7f75d3585000-7f75d3587000 rw-p 0000c000 08:03 1443732                    /opt/java/jdk1.7.0_80/jre/lib/amd64/libverify.so
7f75d3587000-7f75d358e000 r-xp 00000000 08:03 2888198                    /lib/x86_64-linux-gnu/librt-2.19.so
7f75d358e000-7f75d378d000 ---p 00007000 08:03 2888198                    /lib/x86_64-linux-gnu/librt-2.19.so
7f75d378d000-7f75d378e000 r--p 00006000 08:03 2888198                    /lib/x86_64-linux-gnu/librt-2.19.so
7f75d378e000-7f75d378f000 rw-p 00007000 08:03 2888198                    /lib/x86_64-linux-gnu/librt-2.19.so
7f75d378f000-7f75d3894000 r-xp 00000000 08:03 2888120                    /lib/x86_64-linux-gnu/libm-2.19.so
7f75d3894000-7f75d3a93000 ---p 00105000 08:03 2888120                    /lib/x86_64-linux-gnu/libm-2.19.so
7f75d3a93000-7f75d3a94000 r--p 00104000 08:03 2888120                    /lib/x86_64-linux-gnu/libm-2.19.so
7f75d3a94000-7f75d3a95000 rw-p 00105000 08:03 2888120                    /lib/x86_64-linux-gnu/libm-2.19.so
7f75d3a95000-7f75d460b000 r-xp 00000000 08:03 1443759                    /opt/java/jdk1.7.0_80/jre/lib/amd64/server/libjvm.so
7f75d460b000-7f75d480a000 ---p 00b76000 08:03 1443759                    /opt/java/jdk1.7.0_80/jre/lib/amd64/server/libjvm.so
7f75d480a000-7f75d48ce000 rw-p 00b75000 08:03 1443759                    /opt/java/jdk1.7.0_80/jre/lib/amd64/server/libjvm.so
7f75d48ce000-7f75d490f000 rw-p 00000000 00:00 0 
7f75d490f000-7f75d4aca000 r-xp 00000000 08:03 2888070                    /lib/x86_64-linux-gnu/libc-2.19.so
7f75d4aca000-7f75d4cc9000 ---p 001bb000 08:03 2888070                    /lib/x86_64-linux-gnu/libc-2.19.so
7f75d4cc9000-7f75d4ccd000 r--p 001ba000 08:03 2888070                    /lib/x86_64-linux-gnu/libc-2.19.so
7f75d4ccd000-7f75d4ccf000 rw-p 001be000 08:03 2888070                    /lib/x86_64-linux-gnu/libc-2.19.so
7f75d4ccf000-7f75d4cd4000 rw-p 00000000 00:00 0 
7f75d4cd4000-7f75d4cd7000 r-xp 00000000 08:03 2888087                    /lib/x86_64-linux-gnu/libdl-2.19.so
7f75d4cd7000-7f75d4ed6000 ---p 00003000 08:03 2888087                    /lib/x86_64-linux-gnu/libdl-2.19.so
7f75d4ed6000-7f75d4ed7000 r--p 00002000 08:03 2888087                    /lib/x86_64-linux-gnu/libdl-2.19.so
7f75d4ed7000-7f75d4ed8000 rw-p 00003000 08:03 2888087                    /lib/x86_64-linux-gnu/libdl-2.19.so
7f75d4ed8000-7f75d4eed000 r-xp 00000000 08:03 1444440                    /opt/java/jdk1.7.0_80/lib/amd64/jli/libjli.so
7f75d4eed000-7f75d50ec000 ---p 00015000 08:03 1444440                    /opt/java/jdk1.7.0_80/lib/amd64/jli/libjli.so
7f75d50ec000-7f75d50ed000 rw-p 00014000 08:03 1444440                    /opt/java/jdk1.7.0_80/lib/amd64/jli/libjli.so
7f75d50ed000-7f75d5106000 r-xp 00000000 08:03 2888190                    /lib/x86_64-linux-gnu/libpthread-2.19.so
7f75d5106000-7f75d5305000 ---p 00019000 08:03 2888190                    /lib/x86_64-linux-gnu/libpthread-2.19.so
7f75d5305000-7f75d5306000 r--p 00018000 08:03 2888190                    /lib/x86_64-linux-gnu/libpthread-2.19.so
7f75d5306000-7f75d5307000 rw-p 00019000 08:03 2888190                    /lib/x86_64-linux-gnu/libpthread-2.19.so
7f75d5307000-7f75d530b000 rw-p 00000000 00:00 0 
7f75d530b000-7f75d532e000 r-xp 00000000 08:03 2888046                    /lib/x86_64-linux-gnu/ld-2.19.so
7f75d532f000-7f75d5336000 r--s 00000000 08:03 2099789                    /usr/lib/x86_64-linux-gnu/gconv/gconv-modules.cache
7f75d5336000-7f75d5356000 rw-p 00000000 00:00 0 
7f75d5356000-7f75d540c000 rw-p 00000000 00:00 0 
7f75d540c000-7f75d540f000 ---p 00000000 00:00 0 
7f75d540f000-7f75d5512000 rw-p 00000000 00:00 0                          [stack:5361]
7f75d5512000-7f75d5521000 r--s 000df000 08:03 1975971                    /home/sean/Android/Sdk/build-tools/23.0.2/lib/dx.jar
7f75d5521000-7f75d5529000 rw-s 00000000 08:03 924827                     /tmp/hsperfdata_sean/5355
7f75d5529000-7f75d552a000 rw-p 00000000 00:00 0 
7f75d552a000-7f75d552b000 ---p 00000000 00:00 0 
7f75d552b000-7f75d552d000 rw-p 00000000 00:00 0 
7f75d552d000-7f75d552e000 r--p 00022000 08:03 2888046                    /lib/x86_64-linux-gnu/ld-2.19.so
7f75d552e000-7f75d552f000 rw-p 00023000 08:03 2888046                    /lib/x86_64-linux-gnu/ld-2.19.so
7f75d552f000-7f75d5530000 rw-p 00000000 00:00 0 
7ffc03cee000-7ffc03d10000 rw-p 00000000 00:00 0                          [stack]
7ffc03d5e000-7ffc03d60000 r--p 00000000 00:00 0                          [vvar]
7ffc03d60000-7ffc03d62000 r-xp 00000000 00:00 0                          [vdso]
ffffffffff600000-ffffffffff601000 r-xp 00000000 00:00 0                  [vsyscall]

VM Arguments:
jvm_args: -Djava.awt.headless=true -Xmx1024M -Dfile.encoding=UTF-8 -Duser.country=CN -Duser.language=zh -Duser.variant 
java_command: com.android.dx.command.Main --dex --num-threads=4 --output /home/sean/AndroidStudioProjects/translate/app/build/intermediates/pre-dexed/debug/com.android.support-support-v4-23.1.1_b1773557d4183c19378ccdc7a8fe438550754f14.jar /home/sean/AndroidStudioProjects/translate/app/build/intermediates/exploded-aar/com.android.support/support-v4/23.1.1/jars/classes.jar
Launcher Type: SUN_STANDARD

Environment Variables:
JAVA_HOME=/opt/java/jdk1.7.0_80
JRE_HOME=/opt/java/jdk1.7.0_80/jre
CLASSPATH=./../lib/bootstrap.jar:./../lib/extensions.jar:./../lib/util.jar:./../lib/jdom.jar:./../lib/log4j.jar:./../lib/trove4j.jar:./../lib/jna.jar:/opt/java/jdk1.7.0_80/lib/tools.jar
PATH=/usr/local/sbin:/usr/local/bin:/usr/sbin:/usr/bin:/sbin:/bin:/usr/games:/usr/local/games:/opt/java/jdk1.7.0_80/bin:/opt/java/jdk1.7.0_80/jre/bin
LD_LIBRARY_PATH=.:
SHELL=/bin/bash
DISPLAY=:0

Signal Handlers:
SIGSEGV: [libjvm.so+0x9a3b20], sa_mask[0]=0x7ffbfeff, sa_flags=0x10000004
SIGBUS: [libjvm.so+0x9a3b20], sa_mask[0]=0x7ffbfeff, sa_flags=0x10000004
SIGFPE: [libjvm.so+0x81e740], sa_mask[0]=0x7ffbfeff, sa_flags=0x10000004
SIGPIPE: [libjvm.so+0x81e740], sa_mask[0]=0x7ffbfeff, sa_flags=0x10000004
SIGXFSZ: [libjvm.so+0x81e740], sa_mask[0]=0x7ffbfeff, sa_flags=0x10000004
SIGILL: [libjvm.so+0x81e740], sa_mask[0]=0x7ffbfeff, sa_flags=0x10000004
SIGUSR1: SIG_DFL, sa_mask[0]=0x00000000, sa_flags=0x00000000
SIGUSR2: [libjvm.so+0x81ffb0], sa_mask[0]=0x00000004, sa_flags=0x10000004
SIGHUP: [libjvm.so+0x8210d0], sa_mask[0]=0x7ffbfeff, sa_flags=0x10000004
SIGINT: [libjvm.so+0x8210d0], sa_mask[0]=0x7ffbfeff, sa_flags=0x10000004
SIGTERM: [libjvm.so+0x8210d0], sa_mask[0]=0x7ffbfeff, sa_flags=0x10000004
SIGQUIT: [libjvm.so+0x8210d0], sa_mask[0]=0x7ffbfeff, sa_flags=0x10000004


---------------  S Y S T E M  ---------------

OS:jessie/sid

uname:Linux 3.19.0-25-generic #26~14.04.1-Ubuntu SMP Fri Jul 24 21:16:20 UTC 2015 x86_64
libc:glibc 2.19 NPTL 2.19 
rlimit: STACK 8192k, CORE 0k, NPROC 14320, NOFILE 4096, AS infinity
load average:22.96 7.24 3.43

/proc/meminfo:
MemTotal:        3762768 kB
MemFree:          138108 kB
MemAvailable:     104760 kB
Buffers:            1480 kB
Cached:           308232 kB
SwapCached:         4428 kB
Active:          2046552 kB
Inactive:         764028 kB
Active(anon):    2036732 kB
Inactive(anon):   706384 kB
Active(file):       9820 kB
Inactive(file):    57644 kB
Unevictable:          88 kB
Mlocked:              88 kB
SwapTotal:       1998844 kB
SwapFree:          63052 kB
Dirty:                40 kB
Writeback:          3576 kB
AnonPages:       2497836 kB
Mapped:           656020 kB
Shmem:            241424 kB
Slab:              82388 kB
SReclaimable:      34776 kB
SUnreclaim:        47612 kB
KernelStack:       14624 kB
PageTables:        63952 kB
NFS_Unstable:          0 kB
Bounce:                0 kB
WritebackTmp:          0 kB
CommitLimit:     3880228 kB
Committed_AS:   11989608 kB
VmallocTotal:   34359738367 kB
VmallocUsed:      573280 kB
VmallocChunk:   34359097848 kB
HardwareCorrupted:     0 kB
AnonHugePages:    595968 kB
CmaTotal:              0 kB
CmaFree:               0 kB
HugePages_Total:       0
HugePages_Free:        0
HugePages_Rsvd:        0
HugePages_Surp:        0
Hugepagesize:       2048 kB
DirectMap4k:      154368 kB
DirectMap2M:     3753984 kB
DirectMap1G:           0 kB


CPU:total 4 (2 cores per cpu, 2 threads per core) family 6 model 60 stepping 3, cmov, cx8, fxsr, mmx, sse, sse2, sse3, ssse3, sse4.1, sse4.2, popcnt, avx, avx2, aes, erms, ht, tsc, tscinvbit

/proc/cpuinfo:
processor	: 0
vendor_id	: GenuineIntel
cpu family	: 6
model		: 60
model name	: Intel(R) Core(TM) i5-4200M CPU @ 2.50GHz
stepping	: 3
microcode	: 0x7
cpu MHz		: 2999.902
cache size	: 3072 KB
physical id	: 0
siblings	: 4
core id		: 0
cpu cores	: 2
apicid		: 0
initial apicid	: 0
fpu		: yes
fpu_exception	: yes
cpuid level	: 13
wp		: yes
flags		: fpu vme de pse tsc msr pae mce cx8 apic sep mtrr pge mca cmov pat pse36 clflush dts acpi mmx fxsr sse sse2 ss ht tm pbe syscall nx pdpe1gb rdtscp lm constant_tsc arch_perfmon pebs bts rep_good nopl xtopology nonstop_tsc aperfmperf eagerfpu pni pclmulqdq dtes64 monitor ds_cpl vmx est tm2 ssse3 fma cx16 xtpr pdcm pcid sse4_1 sse4_2 movbe popcnt tsc_deadline_timer aes xsave avx f16c rdrand lahf_lm abm ida arat epb pln pts dtherm tpr_shadow vnmi flexpriority ept vpid fsgsbase tsc_adjust bmi1 avx2 smep bmi2 erms invpcid xsaveopt
bugs		:
bogomips	: 4988.27
clflush size	: 64
cache_alignment	: 64
address sizes	: 39 bits physical, 48 bits virtual
power management:

processor	: 1
vendor_id	: GenuineIntel
cpu family	: 6
model		: 60
model name	: Intel(R) Core(TM) i5-4200M CPU @ 2.50GHz
stepping	: 3
microcode	: 0x7
cpu MHz		: 2999.902
cache size	: 3072 KB
physical id	: 0
siblings	: 4
core id		: 0
cpu cores	: 2
apicid		: 1
initial apicid	: 1
fpu		: yes
fpu_exception	: yes
cpuid level	: 13
wp		: yes
flags		: fpu vme de pse tsc msr pae mce cx8 apic sep mtrr pge mca cmov pat pse36 clflush dts acpi mmx fxsr sse sse2 ss ht tm pbe syscall nx pdpe1gb rdtscp lm constant_tsc arch_perfmon pebs bts rep_good nopl xtopology nonstop_tsc aperfmperf eagerfpu pni pclmulqdq dtes64 monitor ds_cpl vmx est tm2 ssse3 fma cx16 xtpr pdcm pcid sse4_1 sse4_2 movbe popcnt tsc_deadline_timer aes xsave avx f16c rdrand lahf_lm abm ida arat epb pln pts dtherm tpr_shadow vnmi flexpriority ept vpid fsgsbase tsc_adjust bmi1 avx2 smep bmi2 erms invpcid xsaveopt
bugs		:
bogomips	: 4988.27
clflush size	: 64
cache_alignment	: 64
address sizes	: 39 bits physical, 48 bits virtual
power management:

processor	: 2
vendor_id	: GenuineIntel
cpu family	: 6
model		: 60
model name	: Intel(R) Core(TM) i5-4200M CPU @ 2.50GHz
stepping	: 3
microcode	: 0x7
cpu MHz		: 2999.902
cache size	: 3072 KB
physical id	: 0
siblings	: 4
core id		: 1
cpu cores	: 2
apicid		: 2
initial apicid	: 2
fpu		: yes
fpu_exception	: yes
cpuid level	: 13
wp		: yes
flags		: fpu vme de pse tsc msr pae mce cx8 apic sep mtrr pge mca cmov pat pse36 clflush dts acpi mmx fxsr sse sse2 ss ht tm pbe syscall nx pdpe1gb rdtscp lm constant_tsc arch_perfmon pebs bts rep_good nopl xtopology nonstop_tsc aperfmperf eagerfpu pni pclmulqdq dtes64 monitor ds_cpl vmx est tm2 ssse3 fma cx16 xtpr pdcm pcid sse4_1 sse4_2 movbe popcnt tsc_deadline_timer aes xsave avx f16c rdrand lahf_lm abm ida arat epb pln pts dtherm tpr_shadow vnmi flexpriority ept vpid fsgsbase tsc_adjust bmi1 avx2 smep bmi2 erms invpcid xsaveopt
bugs		:
bogomips	: 4988.27
clflush size	: 64
cache_alignment	: 64
address sizes	: 39 bits physical, 48 bits virtual
power management:

processor	: 3
vendor_id	: GenuineIntel
cpu family	: 6
model		: 60
model name	: Intel(R) Core(TM) i5-4200M CPU @ 2.50GHz
stepping	: 3
microcode	: 0x7
cpu MHz		: 3000.000
cache size	: 3072 KB
physical id	: 0
siblings	: 4
core id		: 1
cpu cores	: 2
apicid		: 3
initial apicid	: 3
fpu		: yes
fpu_exception	: yes
cpuid level	: 13
wp		: yes
flags		: fpu vme de pse tsc msr pae mce cx8 apic sep mtrr pge mca cmov pat pse36 clflush dts acpi mmx fxsr sse sse2 ss ht tm pbe syscall nx pdpe1gb rdtscp lm constant_tsc arch_perfmon pebs bts rep_good nopl xtopology nonstop_tsc aperfmperf eagerfpu pni pclmulqdq dtes64 monitor ds_cpl vmx est tm2 ssse3 fma cx16 xtpr pdcm pcid sse4_1 sse4_2 movbe popcnt tsc_deadline_timer aes xsave avx f16c rdrand lahf_lm abm ida arat epb pln pts dtherm tpr_shadow vnmi flexpriority ept vpid fsgsbase tsc_adjust bmi1 avx2 smep bmi2 erms invpcid xsaveopt
bugs		:
bogomips	: 4988.27
clflush size	: 64
cache_alignment	: 64
address sizes	: 39 bits physical, 48 bits virtual
power management:



Memory: 4k page, physical 3762768k(138108k free), swap 1998844k(63052k free)

vm_info: Java HotSpot(TM) 64-Bit Server VM (24.80-b11) for linux-amd64 JRE (1.7.0_80-b15), built on Apr 10 2015 19:53:14 by "java_re" with gcc 4.3.0 20080428 (Red Hat 4.3.0-8)

time: Tue Feb  2 15:58:15 2016
elapsed time: 20 seconds

